<?xml version="1.0" encoding="UTF-8"?>
<testng-results ignored="0" total="1" passed="1" failed="0" skipped="0">
  <reporter-output>
  </reporter-output>
  <suite started-at="2022-09-08T10:23:58 IST" name="Default suite" finished-at="2022-09-08T10:24:04 IST" duration-ms="5163">
    <groups>
    </groups>
    <test started-at="2022-09-08T10:23:58 IST" name="Default test" finished-at="2022-09-08T10:24:04 IST" duration-ms="5163">
      <class name="crudOprationWithoutBDD.addProjectTest">
        <test-method signature="Create()[pri:0, instance:crudOprationWithoutBDD.addProjectTest@4dbb42b7]" started-at="2022-09-08T10:23:58 IST" name="Create" finished-at="2022-09-08T10:24:04 IST" duration-ms="5060" status="PASS">
          <reporter-output>
          </reporter-output>
        </test-method> <!-- Create -->
      </class> <!-- crudOprationWithoutBDD.addProjectTest -->
    </test> <!-- Default test -->
  </suite> <!-- Default suite -->
</testng-results>
